Sun Dec  7 04:31:55 UTC 2025 - Running insecure_permissions...

Sun Dec  7 04:31:55 UTC 2025 - Exiting insecure_permissions...

Sun Dec  7 04:31:55 UTC 2025 - Running world_writable...

Sun Dec  7 04:31:55 UTC 2025 - Exiting world_writable...

Sun Dec  7 04:31:55 UTC 2025 - Failed to load weak_scripts

Sun Dec  7 04:34:34 UTC 2025 - Running insecure_permissions...

Sun Dec  7 04:34:34 UTC 2025 - Exiting insecure_permissions...

Sun Dec  7 04:34:34 UTC 2025 - Running world_writable...

Sun Dec  7 04:34:34 UTC 2025 - Exiting world_writable...

Sun Dec  7 04:34:34 UTC 2025 - Failed to load weak_scripts

Sun Dec  7 04:35:47 UTC 2025 - Running insecure_permissions...

Sun Dec  7 04:35:47 UTC 2025 - Exiting insecure_permissions...

Sun Dec  7 04:35:47 UTC 2025 - Running world_writable...

Sun Dec  7 04:35:47 UTC 2025 - Exiting world_writable...

Sun Dec  7 04:35:47 UTC 2025 - Running weak_script_detector...

Sun Dec  7 04:35:47 UTC 2025 - Exiting weak_script_detector...

Sun Dec  7 04:35:47 UTC 2025 - Running broken_links...

Sun Dec  7 04:35:47 UTC 2025 - Exiting broken_links...

Sun Dec  7 04:35:47 UTC 2025 - Running recommendations...

Sun Dec  7 04:35:47 UTC 2025 - Exiting recommendations...

Sun Dec  7 04:35:47 UTC 2025 - Running report_generator...

Sun Dec  7 04:35:47 UTC 2025 - Exiting report_generator...

Sun Dec  7 04:35:57 UTC 2025 - Running report_generator...

Sun Dec  7 04:35:57 UTC 2025 - Exiting report_generator...

Sun Dec  7 04:40:15 UTC 2025 - Running recommendations...

Sun Dec  7 04:40:15 UTC 2025 - Exiting recommendations...

Sun Dec  7 04:40:22 UTC 2025 - Running report_generator...

Sun Dec  7 04:40:22 UTC 2025 - Exiting report_generator...

Sun Dec  7 04:41:02 UTC 2025 - Running insecure_permissions...

Sun Dec  7 04:41:02 UTC 2025 - Exiting insecure_permissions...

Sun Dec  7 04:41:02 UTC 2025 - Running world_writable...

Sun Dec  7 04:41:02 UTC 2025 - Exiting world_writable...

Sun Dec  7 04:41:02 UTC 2025 - Running weak_script_detector...

Sun Dec  7 04:41:02 UTC 2025 - Exiting weak_script_detector...

Sun Dec  7 04:41:02 UTC 2025 - Running broken_links...

Sun Dec  7 04:41:02 UTC 2025 - Exiting broken_links...

Sun Dec  7 04:41:02 UTC 2025 - Running recommendations...

Sun Dec  7 04:41:02 UTC 2025 - Exiting recommendations...

Sun Dec  7 04:41:02 UTC 2025 - Running report_generator...

Sun Dec  7 04:41:02 UTC 2025 - Exiting report_generator...

Sun Dec  7 04:59:58 UTC 2025 - Running insecure_permissions...

Sun Dec  7 04:59:58 UTC 2025 - Exiting insecure_permissions...

Sun Dec  7 04:59:58 UTC 2025 - Running world_writable...

Sun Dec  7 04:59:58 UTC 2025 - Exiting world_writable...

Sun Dec  7 04:59:58 UTC 2025 - Running weak_script_detector...

Sun Dec  7 04:59:58 UTC 2025 - Exiting weak_script_detector...

Sun Dec  7 04:59:58 UTC 2025 - Running broken_links...

Sun Dec  7 04:59:58 UTC 2025 - Exiting broken_links...

Sun Dec  7 04:59:58 UTC 2025 - Running recommendations...

Sun Dec  7 04:59:58 UTC 2025 - Exiting recommendations...

Sun Dec  7 04:59:58 UTC 2025 - Running report_generator...

Sun Dec  7 04:59:58 UTC 2025 - Exiting report_generator...

Sun Dec  7 05:08:52 UTC 2025 - Running insecure_permissions...

Sun Dec  7 05:08:52 UTC 2025 - Exiting insecure_permissions...

Sun Dec  7 05:08:52 UTC 2025 - Running world_writable...

Sun Dec  7 05:08:52 UTC 2025 - Exiting world_writable...

Sun Dec  7 05:08:52 UTC 2025 - Running weak_script_detector...

Sun Dec  7 05:08:52 UTC 2025 - Exiting weak_script_detector...

Sun Dec  7 05:08:52 UTC 2025 - Running broken_links...

Sun Dec  7 05:08:52 UTC 2025 - Exiting broken_links...

Sun Dec  7 05:08:52 UTC 2025 - Running recommendations...

Sun Dec  7 05:08:52 UTC 2025 - Exiting recommendations...

Sun Dec  7 05:08:52 UTC 2025 - Running report_generator...

Sun Dec  7 05:08:52 UTC 2025 - Exiting report_generator...

Sun Dec  7 05:12:02 UTC 2025 - Running insecure_permissions...

Sun Dec  7 05:12:02 UTC 2025 - Exiting insecure_permissions...

Sun Dec  7 05:12:02 UTC 2025 - Running world_writable...

Sun Dec  7 05:12:02 UTC 2025 - Exiting world_writable...

Sun Dec  7 05:12:02 UTC 2025 - Running weak_script_detector...

Sun Dec  7 05:12:02 UTC 2025 - Exiting weak_script_detector...

Sun Dec  7 05:12:02 UTC 2025 - Running broken_links...

Sun Dec  7 05:12:02 UTC 2025 - Exiting broken_links...

Sun Dec  7 05:12:02 UTC 2025 - Running recommendations...

Sun Dec  7 05:12:02 UTC 2025 - Exiting recommendations...

Sun Dec  7 05:12:02 UTC 2025 - Running report_generator...

Sun Dec  7 05:12:02 UTC 2025 - Exiting report_generator...

Sun Dec  7 05:12:27 UTC 2025 - Running broken_links...

Sun Dec  7 05:12:27 UTC 2025 - Exiting broken_links...

Sun Dec  7 05:12:56 UTC 2025 - Running weak_script_detector...

Sun Dec  7 05:12:56 UTC 2025 - Exiting weak_script_detector...

